2021-12-22 16:47:34.457  INFO 17352 --- [restartedMain] edu.hust.document.DocumentApplication    : Starting DocumentApplication using Java 11.0.13 on DESKTOP-7KK4P6P with PID 17352 (D:\BTL\QLVB\target\classes started by Hoàng Hokage in D:\BTL\QLVB)
2021-12-22 16:47:34.472  INFO 17352 --- [restartedMain] edu.hust.document.DocumentApplication    : No active profile set, falling back to default profiles: default
2021-12-22 16:47:34.519  INFO 17352 --- [restartedMain] .e.DevToolsPropertyDefaultsPostProcessor : Devtools property defaults active! Set 'spring.devtools.add-properties' to 'false' to disable
2021-12-22 16:47:34.519  INFO 17352 --- [restartedMain] .e.DevToolsPropertyDefaultsPostProcessor : For additional web related logging consider setting the 'logging.level.web' property to 'DEBUG'
2021-12-22 16:47:35.569  INFO 17352 --- [restartedMain] .s.d.r.c.RepositoryConfigurationDelegate : Bootstrapping Spring Data JPA repositories in DEFAULT mode.
2021-12-22 16:47:35.647  INFO 17352 --- [restartedMain] .s.d.r.c.RepositoryConfigurationDelegate : Finished Spring Data repository scanning in 70 ms. Found 8 JPA repository interfaces.
2021-12-22 16:47:36.256  INFO 17352 --- [restartedMain] o.s.b.w.embedded.tomcat.TomcatWebServer  : Tomcat initialized with port(s): 8080 (http)
2021-12-22 16:47:36.272  INFO 17352 --- [restartedMain] o.apache.catalina.core.StandardService   : Starting service [Tomcat]
2021-12-22 16:47:36.272  INFO 17352 --- [restartedMain] org.apache.catalina.core.StandardEngine  : Starting Servlet engine: [Apache Tomcat/9.0.55]
2021-12-22 16:47:36.365  INFO 17352 --- [restartedMain] o.a.c.c.C.[Tomcat].[localhost].[/]       : Initializing Spring embedded WebApplicationContext
2021-12-22 16:47:36.365  INFO 17352 --- [restartedMain] w.s.c.ServletWebServerApplicationContext : Root WebApplicationContext: initialization completed in 1846 ms
2021-12-22 16:47:36.568  INFO 17352 --- [restartedMain] o.hibernate.jpa.internal.util.LogHelper  : HHH000204: Processing PersistenceUnitInfo [name: default]
2021-12-22 16:47:36.662  INFO 17352 --- [restartedMain] org.hibernate.Version                    : HHH000412: Hibernate ORM core version 5.6.1.Final
2021-12-22 16:47:36.897  INFO 17352 --- [restartedMain] o.hibernate.annotations.common.Version   : HCANN000001: Hibernate Commons Annotations {5.1.2.Final}
2021-12-22 16:47:37.006  INFO 17352 --- [restartedMain] com.zaxxer.hikari.HikariDataSource       : HikariPool-1 - Starting...
2021-12-22 16:47:37.178  INFO 17352 --- [restartedMain] com.zaxxer.hikari.HikariDataSource       : HikariPool-1 - Start completed.
2021-12-22 16:47:37.193  INFO 17352 --- [restartedMain] org.hibernate.dialect.Dialect            : HHH000400: Using dialect: org.hibernate.dialect.MariaDB103Dialect
2021-12-22 16:47:38.241  INFO 17352 --- [restartedMain] o.h.e.t.j.p.i.JtaPlatformInitiator       : HHH000490: Using JtaPlatform implementation: [org.hibernate.engine.transaction.jta.platform.internal.NoJtaPlatform]
2021-12-22 16:47:38.256  INFO 17352 --- [restartedMain] j.LocalContainerEntityManagerFactoryBean : Initialized JPA EntityManagerFactory for persistence unit 'default'
2021-12-22 16:47:38.303  WARN 17352 --- [restartedMain] JpaBaseConfiguration$JpaWebConfiguration : spring.jpa.open-in-view is enabled by default. Therefore, database queries may be performed during view rendering. Explicitly configure spring.jpa.open-in-view to disable this warning
2021-12-22 16:47:39.038  INFO 17352 --- [restartedMain] o.s.s.web.DefaultSecurityFilterChain     : Will secure any request with [org.springframework.security.web.context.request.async.WebAsyncManagerIntegrationFilter@25911d0a, org.springframework.security.web.context.SecurityContextPersistenceFilter@534432b1, org.springframework.security.web.header.HeaderWriterFilter@5e352ff8, org.springframework.security.web.authentication.logout.LogoutFilter@565dc1e7, org.springframework.security.web.authentication.UsernamePasswordAuthenticationFilter@3d55291c, org.springframework.security.web.savedrequest.RequestCacheAwareFilter@568ca887, org.springframework.security.web.servletapi.SecurityContextHolderAwareRequestFilter@45956a43, org.springframework.security.web.authentication.AnonymousAuthenticationFilter@3415e4eb, org.springframework.security.web.session.SessionManagementFilter@3dabbf14, org.springframework.security.web.access.ExceptionTranslationFilter@8854bc2, org.springframework.security.web.access.intercept.FilterSecurityInterceptor@30d2805e]
2021-12-22 16:47:39.804  INFO 17352 --- [restartedMain] o.s.b.d.a.OptionalLiveReloadServer       : LiveReload server is running on port 35729
2021-12-22 16:47:39.851  INFO 17352 --- [restartedMain] o.s.b.w.embedded.tomcat.TomcatWebServer  : Tomcat started on port(s): 8080 (http) with context path ''
2021-12-22 16:47:39.866  INFO 17352 --- [restartedMain] edu.hust.document.DocumentApplication    : Started DocumentApplication in 5.879 seconds (JVM running for 7.807)
2021-12-22 16:47:53.192  INFO 17352 --- [SpringApplicationShutdownHook] j.LocalContainerEntityManagerFactoryBean : Closing JPA EntityManagerFactory for persistence unit 'default'
2021-12-22 16:47:53.207  INFO 17352 --- [SpringApplicationShutdownHook] com.zaxxer.hikari.HikariDataSource       : HikariPool-1 - Shutdown initiated...
2021-12-22 16:47:53.207  INFO 17352 --- [SpringApplicationShutdownHook] com.zaxxer.hikari.HikariDataSource       : HikariPool-1 - Shutdown completed.
2021-12-22 16:47:57.253  INFO 18004 --- [restartedMain] edu.hust.document.DocumentApplication    : Starting DocumentApplication using Java 11.0.13 on DESKTOP-7KK4P6P with PID 18004 (D:\BTL\QLVB\target\classes started by Hoàng Hokage in D:\BTL\QLVB)
2021-12-22 16:47:57.253  INFO 18004 --- [restartedMain] edu.hust.document.DocumentApplication    : No active profile set, falling back to default profiles: default
2021-12-22 16:47:57.284  INFO 18004 --- [restartedMain] .e.DevToolsPropertyDefaultsPostProcessor : Devtools property defaults active! Set 'spring.devtools.add-properties' to 'false' to disable
2021-12-22 16:47:57.284  INFO 18004 --- [restartedMain] .e.DevToolsPropertyDefaultsPostProcessor : For additional web related logging consider setting the 'logging.level.web' property to 'DEBUG'
2021-12-22 16:47:57.862  INFO 18004 --- [restartedMain] .s.d.r.c.RepositoryConfigurationDelegate : Bootstrapping Spring Data JPA repositories in DEFAULT mode.
2021-12-22 16:47:57.956  INFO 18004 --- [restartedMain] .s.d.r.c.RepositoryConfigurationDelegate : Finished Spring Data repository scanning in 95 ms. Found 8 JPA repository interfaces.
2021-12-22 16:47:58.675  INFO 18004 --- [restartedMain] o.s.b.w.embedded.tomcat.TomcatWebServer  : Tomcat initialized with port(s): 8080 (http)
2021-12-22 16:47:58.675  INFO 18004 --- [restartedMain] o.apache.catalina.core.StandardService   : Starting service [Tomcat]
2021-12-22 16:47:58.675  INFO 18004 --- [restartedMain] org.apache.catalina.core.StandardEngine  : Starting Servlet engine: [Apache Tomcat/9.0.55]
2021-12-22 16:47:58.784  INFO 18004 --- [restartedMain] o.a.c.c.C.[Tomcat].[localhost].[/]       : Initializing Spring embedded WebApplicationContext
2021-12-22 16:47:58.784  INFO 18004 --- [restartedMain] w.s.c.ServletWebServerApplicationContext : Root WebApplicationContext: initialization completed in 1500 ms
2021-12-22 16:47:58.956  INFO 18004 --- [restartedMain] o.hibernate.jpa.internal.util.LogHelper  : HHH000204: Processing PersistenceUnitInfo [name: default]
2021-12-22 16:47:59.034  INFO 18004 --- [restartedMain] org.hibernate.Version                    : HHH000412: Hibernate ORM core version 5.6.1.Final
2021-12-22 16:47:59.221  INFO 18004 --- [restartedMain] o.hibernate.annotations.common.Version   : HCANN000001: Hibernate Commons Annotations {5.1.2.Final}
2021-12-22 16:47:59.331  INFO 18004 --- [restartedMain] com.zaxxer.hikari.HikariDataSource       : HikariPool-1 - Starting...
2021-12-22 16:47:59.378  INFO 18004 --- [restartedMain] com.zaxxer.hikari.HikariDataSource       : HikariPool-1 - Start completed.
2021-12-22 16:47:59.393  INFO 18004 --- [restartedMain] org.hibernate.dialect.Dialect            : HHH000400: Using dialect: org.hibernate.dialect.MariaDB103Dialect
2021-12-22 16:48:00.252  INFO 18004 --- [restartedMain] o.h.e.t.j.p.i.JtaPlatformInitiator       : HHH000490: Using JtaPlatform implementation: [org.hibernate.engine.transaction.jta.platform.internal.NoJtaPlatform]
2021-12-22 16:48:00.252  INFO 18004 --- [restartedMain] j.LocalContainerEntityManagerFactoryBean : Initialized JPA EntityManagerFactory for persistence unit 'default'
2021-12-22 16:48:00.299  WARN 18004 --- [restartedMain] JpaBaseConfiguration$JpaWebConfiguration : spring.jpa.open-in-view is enabled by default. Therefore, database queries may be performed during view rendering. Explicitly configure spring.jpa.open-in-view to disable this warning
2021-12-22 16:48:00.971  INFO 18004 --- [restartedMain] o.s.s.web.DefaultSecurityFilterChain     : Will secure any request with [org.springframework.security.web.context.request.async.WebAsyncManagerIntegrationFilter@140f8dc4, org.springframework.security.web.context.SecurityContextPersistenceFilter@24e05383, org.springframework.security.web.header.HeaderWriterFilter@30b9a443, org.springframework.security.web.authentication.logout.LogoutFilter@5c7c8041, org.springframework.security.web.authentication.UsernamePasswordAuthenticationFilter@6c70ad34, org.springframework.security.web.savedrequest.RequestCacheAwareFilter@745e9715, org.springframework.security.web.servletapi.SecurityContextHolderAwareRequestFilter@570b3415, org.springframework.security.web.authentication.AnonymousAuthenticationFilter@70d334ee, org.springframework.security.web.session.SessionManagementFilter@7daf440f, org.springframework.security.web.access.ExceptionTranslationFilter@a00868a, org.springframework.security.web.access.intercept.FilterSecurityInterceptor@4b1b0391]
2021-12-22 16:48:01.658  INFO 18004 --- [restartedMain] o.s.b.d.a.OptionalLiveReloadServer       : LiveReload server is running on port 35729
2021-12-22 16:48:01.690  INFO 18004 --- [restartedMain] o.s.b.w.embedded.tomcat.TomcatWebServer  : Tomcat started on port(s): 8080 (http) with context path ''
2021-12-22 16:48:01.705  INFO 18004 --- [restartedMain] edu.hust.document.DocumentApplication    : Started DocumentApplication in 4.828 seconds (JVM running for 7.074)
2021-12-22 16:48:36.133  INFO 18004 --- [http-nio-8080-exec-2] o.a.c.c.C.[Tomcat].[localhost].[/]       : Initializing Spring DispatcherServlet 'dispatcherServlet'
2021-12-22 16:48:36.135  INFO 18004 --- [http-nio-8080-exec-2] o.s.web.servlet.DispatcherServlet        : Initializing Servlet 'dispatcherServlet'
2021-12-22 16:48:36.137  INFO 18004 --- [http-nio-8080-exec-2] o.s.web.servlet.DispatcherServlet        : Completed initialization in 2 ms
2021-12-22 16:55:30.072  INFO 18004 --- [SpringApplicationShutdownHook] j.LocalContainerEntityManagerFactoryBean : Closing JPA EntityManagerFactory for persistence unit 'default'
2021-12-22 16:55:30.135  INFO 18004 --- [SpringApplicationShutdownHook] com.zaxxer.hikari.HikariDataSource       : HikariPool-1 - Shutdown initiated...
2021-12-22 16:55:30.150  INFO 18004 --- [SpringApplicationShutdownHook] com.zaxxer.hikari.HikariDataSource       : HikariPool-1 - Shutdown completed.
2021-12-22 16:55:45.970  INFO 23664 --- [restartedMain] edu.hust.document.DocumentApplication    : Starting DocumentApplication using Java 11.0.13 on DESKTOP-7KK4P6P with PID 23664 (D:\BTL\QLVB\target\classes started by Hoàng Hokage in D:\BTL\QLVB)
2021-12-22 16:55:45.970  INFO 23664 --- [restartedMain] edu.hust.document.DocumentApplication    : No active profile set, falling back to default profiles: default
2021-12-22 16:55:46.017  INFO 23664 --- [restartedMain] .e.DevToolsPropertyDefaultsPostProcessor : Devtools property defaults active! Set 'spring.devtools.add-properties' to 'false' to disable
2021-12-22 16:55:46.017  INFO 23664 --- [restartedMain] .e.DevToolsPropertyDefaultsPostProcessor : For additional web related logging consider setting the 'logging.level.web' property to 'DEBUG'
2021-12-22 16:55:46.861  INFO 23664 --- [restartedMain] .s.d.r.c.RepositoryConfigurationDelegate : Bootstrapping Spring Data JPA repositories in DEFAULT mode.
2021-12-22 16:55:46.939  INFO 23664 --- [restartedMain] .s.d.r.c.RepositoryConfigurationDelegate : Finished Spring Data repository scanning in 63 ms. Found 8 JPA repository interfaces.
2021-12-22 16:55:47.517  INFO 23664 --- [restartedMain] o.s.b.w.embedded.tomcat.TomcatWebServer  : Tomcat initialized with port(s): 8080 (http)
2021-12-22 16:55:47.532  INFO 23664 --- [restartedMain] o.apache.catalina.core.StandardService   : Starting service [Tomcat]
2021-12-22 16:55:47.532  INFO 23664 --- [restartedMain] org.apache.catalina.core.StandardEngine  : Starting Servlet engine: [Apache Tomcat/9.0.55]
2021-12-22 16:55:47.610  INFO 23664 --- [restartedMain] o.a.c.c.C.[Tomcat].[localhost].[/]       : Initializing Spring embedded WebApplicationContext
2021-12-22 16:55:47.610  INFO 23664 --- [restartedMain] w.s.c.ServletWebServerApplicationContext : Root WebApplicationContext: initialization completed in 1593 ms
2021-12-22 16:55:47.860  INFO 23664 --- [restartedMain] o.hibernate.jpa.internal.util.LogHelper  : HHH000204: Processing PersistenceUnitInfo [name: default]
2021-12-22 16:55:47.938  INFO 23664 --- [restartedMain] org.hibernate.Version                    : HHH000412: Hibernate ORM core version 5.6.1.Final
2021-12-22 16:55:48.235  INFO 23664 --- [restartedMain] o.hibernate.annotations.common.Version   : HCANN000001: Hibernate Commons Annotations {5.1.2.Final}
2021-12-22 16:55:48.407  INFO 23664 --- [restartedMain] com.zaxxer.hikari.HikariDataSource       : HikariPool-1 - Starting...
2021-12-22 16:55:48.485  INFO 23664 --- [restartedMain] com.zaxxer.hikari.HikariDataSource       : HikariPool-1 - Start completed.
2021-12-22 16:55:48.501  INFO 23664 --- [restartedMain] org.hibernate.dialect.Dialect            : HHH000400: Using dialect: org.hibernate.dialect.MariaDB103Dialect
2021-12-22 16:55:49.485  INFO 23664 --- [restartedMain] o.h.e.t.j.p.i.JtaPlatformInitiator       : HHH000490: Using JtaPlatform implementation: [org.hibernate.engine.transaction.jta.platform.internal.NoJtaPlatform]
2021-12-22 16:55:49.485  INFO 23664 --- [restartedMain] j.LocalContainerEntityManagerFactoryBean : Initialized JPA EntityManagerFactory for persistence unit 'default'
2021-12-22 16:55:49.532  WARN 23664 --- [restartedMain] JpaBaseConfiguration$JpaWebConfiguration : spring.jpa.open-in-view is enabled by default. Therefore, database queries may be performed during view rendering. Explicitly configure spring.jpa.open-in-view to disable this warning
2021-12-22 16:55:50.313  INFO 23664 --- [restartedMain] o.s.s.web.DefaultSecurityFilterChain     : Will secure any request with [org.springframework.security.web.context.request.async.WebAsyncManagerIntegrationFilter@57f2f9d6, org.springframework.security.web.context.SecurityContextPersistenceFilter@31523e6e, org.springframework.security.web.header.HeaderWriterFilter@57a7c56a, org.springframework.security.web.authentication.logout.LogoutFilter@1c9968fd, org.springframework.security.web.authentication.UsernamePasswordAuthenticationFilter@505458d3, org.springframework.security.web.savedrequest.RequestCacheAwareFilter@4c7bc3fa, org.springframework.security.web.servletapi.SecurityContextHolderAwareRequestFilter@ea6ddb7, org.springframework.security.web.authentication.AnonymousAuthenticationFilter@3606bede, org.springframework.security.web.session.SessionManagementFilter@77d15be6, org.springframework.security.web.access.ExceptionTranslationFilter@7b79464, org.springframework.security.web.access.intercept.FilterSecurityInterceptor@49dd8811]
2021-12-22 16:55:50.875  INFO 23664 --- [restartedMain] o.s.b.d.a.OptionalLiveReloadServer       : LiveReload server is running on port 35729
2021-12-22 16:55:50.907  INFO 23664 --- [restartedMain] o.s.b.w.embedded.tomcat.TomcatWebServer  : Tomcat started on port(s): 8080 (http) with context path ''
2021-12-22 16:55:50.922  INFO 23664 --- [restartedMain] edu.hust.document.DocumentApplication    : Started DocumentApplication in 5.364 seconds (JVM running for 6.812)
2021-12-22 16:56:05.796  INFO 23664 --- [http-nio-8080-exec-2] o.a.c.c.C.[Tomcat].[localhost].[/]       : Initializing Spring DispatcherServlet 'dispatcherServlet'
2021-12-22 16:56:05.798  INFO 23664 --- [http-nio-8080-exec-2] o.s.web.servlet.DispatcherServlet        : Initializing Servlet 'dispatcherServlet'
2021-12-22 16:56:05.799  INFO 23664 --- [http-nio-8080-exec-2] o.s.web.servlet.DispatcherServlet        : Completed initialization in 1 ms
2021-12-22 17:06:44.781  INFO 23664 --- [SpringApplicationShutdownHook] j.LocalContainerEntityManagerFactoryBean : Closing JPA EntityManagerFactory for persistence unit 'default'
2021-12-22 17:06:44.828  INFO 23664 --- [SpringApplicationShutdownHook] com.zaxxer.hikari.HikariDataSource       : HikariPool-1 - Shutdown initiated...
2021-12-22 17:06:44.844  INFO 23664 --- [SpringApplicationShutdownHook] com.zaxxer.hikari.HikariDataSource       : HikariPool-1 - Shutdown completed.
2021-12-22 17:06:52.263  INFO 1272 --- [restartedMain] edu.hust.document.DocumentApplication    : Starting DocumentApplication using Java 11.0.13 on DESKTOP-7KK4P6P with PID 1272 (D:\BTL\QLVB\target\classes started by Hoàng Hokage in D:\BTL\QLVB)
2021-12-22 17:06:52.263  INFO 1272 --- [restartedMain] edu.hust.document.DocumentApplication    : No active profile set, falling back to default profiles: default
2021-12-22 17:06:52.310  INFO 1272 --- [restartedMain] .e.DevToolsPropertyDefaultsPostProcessor : Devtools property defaults active! Set 'spring.devtools.add-properties' to 'false' to disable
2021-12-22 17:06:52.310  INFO 1272 --- [restartedMain] .e.DevToolsPropertyDefaultsPostProcessor : For additional web related logging consider setting the 'logging.level.web' property to 'DEBUG'
2021-12-22 17:06:53.201  INFO 1272 --- [restartedMain] .s.d.r.c.RepositoryConfigurationDelegate : Bootstrapping Spring Data JPA repositories in DEFAULT mode.
2021-12-22 17:06:53.279  INFO 1272 --- [restartedMain] .s.d.r.c.RepositoryConfigurationDelegate : Finished Spring Data repository scanning in 74 ms. Found 8 JPA repository interfaces.
2021-12-22 17:06:53.888  INFO 1272 --- [restartedMain] o.s.b.w.embedded.tomcat.TomcatWebServer  : Tomcat initialized with port(s): 8080 (http)
2021-12-22 17:06:53.888  INFO 1272 --- [restartedMain] o.apache.catalina.core.StandardService   : Starting service [Tomcat]
2021-12-22 17:06:53.888  INFO 1272 --- [restartedMain] org.apache.catalina.core.StandardEngine  : Starting Servlet engine: [Apache Tomcat/9.0.55]
2021-12-22 17:06:53.982  INFO 1272 --- [restartedMain] o.a.c.c.C.[Tomcat].[localhost].[/]       : Initializing Spring embedded WebApplicationContext
2021-12-22 17:06:53.982  INFO 1272 --- [restartedMain] w.s.c.ServletWebServerApplicationContext : Root WebApplicationContext: initialization completed in 1672 ms
2021-12-22 17:06:54.185  INFO 1272 --- [restartedMain] o.hibernate.jpa.internal.util.LogHelper  : HHH000204: Processing PersistenceUnitInfo [name: default]
2021-12-22 17:06:54.263  INFO 1272 --- [restartedMain] org.hibernate.Version                    : HHH000412: Hibernate ORM core version 5.6.1.Final
2021-12-22 17:06:54.497  INFO 1272 --- [restartedMain] o.hibernate.annotations.common.Version   : HCANN000001: Hibernate Commons Annotations {5.1.2.Final}
2021-12-22 17:06:54.653  INFO 1272 --- [restartedMain] com.zaxxer.hikari.HikariDataSource       : HikariPool-1 - Starting...
2021-12-22 17:06:54.716  INFO 1272 --- [restartedMain] com.zaxxer.hikari.HikariDataSource       : HikariPool-1 - Start completed.
2021-12-22 17:06:54.747  INFO 1272 --- [restartedMain] org.hibernate.dialect.Dialect            : HHH000400: Using dialect: org.hibernate.dialect.MariaDB103Dialect
2021-12-22 17:06:55.591  INFO 1272 --- [restartedMain] o.h.e.t.j.p.i.JtaPlatformInitiator       : HHH000490: Using JtaPlatform implementation: [org.hibernate.engine.transaction.jta.platform.internal.NoJtaPlatform]
2021-12-22 17:06:55.591  INFO 1272 --- [restartedMain] j.LocalContainerEntityManagerFactoryBean : Initialized JPA EntityManagerFactory for persistence unit 'default'
2021-12-22 17:06:55.638  WARN 1272 --- [restartedMain] JpaBaseConfiguration$JpaWebConfiguration : spring.jpa.open-in-view is enabled by default. Therefore, database queries may be performed during view rendering. Explicitly configure spring.jpa.open-in-view to disable this warning
2021-12-22 17:06:56.434  INFO 1272 --- [restartedMain] o.s.s.web.DefaultSecurityFilterChain     : Will secure any request with [org.springframework.security.web.context.request.async.WebAsyncManagerIntegrationFilter@48514348, org.springframework.security.web.context.SecurityContextPersistenceFilter@6ef8f611, org.springframework.security.web.header.HeaderWriterFilter@6f6eca32, org.springframework.security.web.authentication.logout.LogoutFilter@795b097d, org.springframework.security.web.authentication.UsernamePasswordAuthenticationFilter@7ed0a153, org.springframework.security.web.savedrequest.RequestCacheAwareFilter@7b79464, org.springframework.security.web.servletapi.SecurityContextHolderAwareRequestFilter@58b73c87, org.springframework.security.web.authentication.AnonymousAuthenticationFilter@49dd8811, org.springframework.security.web.session.SessionManagementFilter@5ce85b5f, org.springframework.security.web.access.ExceptionTranslationFilter@3a868ffe, org.springframework.security.web.access.intercept.FilterSecurityInterceptor@ea73022]
2021-12-22 17:06:56.981  INFO 1272 --- [restartedMain] o.s.b.d.a.OptionalLiveReloadServer       : LiveReload server is running on port 35729
2021-12-22 17:06:57.012  INFO 1272 --- [restartedMain] o.s.b.w.embedded.tomcat.TomcatWebServer  : Tomcat started on port(s): 8080 (http) with context path ''
2021-12-22 17:06:57.028  INFO 1272 --- [restartedMain] edu.hust.document.DocumentApplication    : Started DocumentApplication in 5.172 seconds (JVM running for 6.569)
2021-12-22 17:07:05.582  INFO 1272 --- [http-nio-8080-exec-1] o.a.c.c.C.[Tomcat].[localhost].[/]       : Initializing Spring DispatcherServlet 'dispatcherServlet'
2021-12-22 17:07:05.583  INFO 1272 --- [http-nio-8080-exec-1] o.s.web.servlet.DispatcherServlet        : Initializing Servlet 'dispatcherServlet'
2021-12-22 17:07:05.585  INFO 1272 --- [http-nio-8080-exec-1] o.s.web.servlet.DispatcherServlet        : Completed initialization in 1 ms
2021-12-22 17:07:41.446  INFO 1272 --- [SpringApplicationShutdownHook] j.LocalContainerEntityManagerFactoryBean : Closing JPA EntityManagerFactory for persistence unit 'default'
2021-12-22 17:07:41.446  INFO 1272 --- [SpringApplicationShutdownHook] com.zaxxer.hikari.HikariDataSource       : HikariPool-1 - Shutdown initiated...
2021-12-22 17:07:41.462  INFO 1272 --- [SpringApplicationShutdownHook] com.zaxxer.hikari.HikariDataSource       : HikariPool-1 - Shutdown completed.
2021-12-22 17:08:40.095  INFO 8664 --- [restartedMain] edu.hust.document.DocumentApplication    : Starting DocumentApplication using Java 11.0.13 on DESKTOP-7KK4P6P with PID 8664 (D:\BTL\QLVB\target\classes started by Hoàng Hokage in D:\BTL\QLVB)
2021-12-22 17:08:40.095  INFO 8664 --- [restartedMain] edu.hust.document.DocumentApplication    : No active profile set, falling back to default profiles: default
2021-12-22 17:08:40.142  INFO 8664 --- [restartedMain] .e.DevToolsPropertyDefaultsPostProcessor : Devtools property defaults active! Set 'spring.devtools.add-properties' to 'false' to disable
2021-12-22 17:08:40.142  INFO 8664 --- [restartedMain] .e.DevToolsPropertyDefaultsPostProcessor : For additional web related logging consider setting the 'logging.level.web' property to 'DEBUG'
2021-12-22 17:08:41.032  INFO 8664 --- [restartedMain] .s.d.r.c.RepositoryConfigurationDelegate : Bootstrapping Spring Data JPA repositories in DEFAULT mode.
2021-12-22 17:08:41.110  INFO 8664 --- [restartedMain] .s.d.r.c.RepositoryConfigurationDelegate : Finished Spring Data repository scanning in 69 ms. Found 8 JPA repository interfaces.
2021-12-22 17:08:41.688  INFO 8664 --- [restartedMain] o.s.b.w.embedded.tomcat.TomcatWebServer  : Tomcat initialized with port(s): 8080 (http)
2021-12-22 17:08:41.704  INFO 8664 --- [restartedMain] o.apache.catalina.core.StandardService   : Starting service [Tomcat]
2021-12-22 17:08:41.704  INFO 8664 --- [restartedMain] org.apache.catalina.core.StandardEngine  : Starting Servlet engine: [Apache Tomcat/9.0.55]
2021-12-22 17:08:41.782  INFO 8664 --- [restartedMain] o.a.c.c.C.[Tomcat].[localhost].[/]       : Initializing Spring embedded WebApplicationContext
2021-12-22 17:08:41.782  INFO 8664 --- [restartedMain] w.s.c.ServletWebServerApplicationContext : Root WebApplicationContext: initialization completed in 1640 ms
2021-12-22 17:08:41.972  INFO 8664 --- [restartedMain] o.hibernate.jpa.internal.util.LogHelper  : HHH000204: Processing PersistenceUnitInfo [name: default]
2021-12-22 17:08:42.051  INFO 8664 --- [restartedMain] org.hibernate.Version                    : HHH000412: Hibernate ORM core version 5.6.1.Final
2021-12-22 17:08:42.254  INFO 8664 --- [restartedMain] o.hibernate.annotations.common.Version   : HCANN000001: Hibernate Commons Annotations {5.1.2.Final}
2021-12-22 17:08:42.379  INFO 8664 --- [restartedMain] com.zaxxer.hikari.HikariDataSource       : HikariPool-1 - Starting...
2021-12-22 17:08:42.441  INFO 8664 --- [restartedMain] com.zaxxer.hikari.HikariDataSource       : HikariPool-1 - Start completed.
2021-12-22 17:08:42.457  INFO 8664 --- [restartedMain] org.hibernate.dialect.Dialect            : HHH000400: Using dialect: org.hibernate.dialect.MariaDB103Dialect
2021-12-22 17:08:43.300  INFO 8664 --- [restartedMain] o.h.e.t.j.p.i.JtaPlatformInitiator       : HHH000490: Using JtaPlatform implementation: [org.hibernate.engine.transaction.jta.platform.internal.NoJtaPlatform]
2021-12-22 17:08:43.300  INFO 8664 --- [restartedMain] j.LocalContainerEntityManagerFactoryBean : Initialized JPA EntityManagerFactory for persistence unit 'default'
2021-12-22 17:08:43.347  WARN 8664 --- [restartedMain] JpaBaseConfiguration$JpaWebConfiguration : spring.jpa.open-in-view is enabled by default. Therefore, database queries may be performed during view rendering. Explicitly configure spring.jpa.open-in-view to disable this warning
2021-12-22 17:08:44.066  INFO 8664 --- [restartedMain] o.s.s.web.DefaultSecurityFilterChain     : Will secure any request with [org.springframework.security.web.context.request.async.WebAsyncManagerIntegrationFilter@68c1384, org.springframework.security.web.context.SecurityContextPersistenceFilter@a7a5ab9, org.springframework.security.web.header.HeaderWriterFilter@5de41a10, org.springframework.security.web.authentication.logout.LogoutFilter@2844e107, org.springframework.security.web.authentication.UsernamePasswordAuthenticationFilter@51ed322, org.springframework.security.web.savedrequest.RequestCacheAwareFilter@26dec47c, org.springframework.security.web.servletapi.SecurityContextHolderAwareRequestFilter@27301a59, org.springframework.security.web.authentication.AnonymousAuthenticationFilter@64f408c8, org.springframework.security.web.session.SessionManagementFilter@7e69e8a, org.springframework.security.web.access.ExceptionTranslationFilter@4327124d, org.springframework.security.web.access.intercept.FilterSecurityInterceptor@5e9515ac]
2021-12-22 17:08:44.597  INFO 8664 --- [restartedMain] o.s.b.d.a.OptionalLiveReloadServer       : LiveReload server is running on port 35729
2021-12-22 17:08:44.644  INFO 8664 --- [restartedMain] o.s.b.w.embedded.tomcat.TomcatWebServer  : Tomcat started on port(s): 8080 (http) with context path ''
2021-12-22 17:08:44.644  INFO 8664 --- [restartedMain] edu.hust.document.DocumentApplication    : Started DocumentApplication in 5.014 seconds (JVM running for 6.204)
2021-12-22 17:08:47.603  INFO 8664 --- [http-nio-8080-exec-2] o.a.c.c.C.[Tomcat].[localhost].[/]       : Initializing Spring DispatcherServlet 'dispatcherServlet'
2021-12-22 17:08:47.604  INFO 8664 --- [http-nio-8080-exec-2] o.s.web.servlet.DispatcherServlet        : Initializing Servlet 'dispatcherServlet'
2021-12-22 17:08:47.606  INFO 8664 --- [http-nio-8080-exec-2] o.s.web.servlet.DispatcherServlet        : Completed initialization in 1 ms
2021-12-22 17:17:57.871  INFO 8664 --- [SpringApplicationShutdownHook] j.LocalContainerEntityManagerFactoryBean : Closing JPA EntityManagerFactory for persistence unit 'default'
2021-12-22 17:17:58.027  INFO 8664 --- [SpringApplicationShutdownHook] com.zaxxer.hikari.HikariDataSource       : HikariPool-1 - Shutdown initiated...
2021-12-22 17:17:58.074  INFO 8664 --- [SpringApplicationShutdownHook] com.zaxxer.hikari.HikariDataSource       : HikariPool-1 - Shutdown completed.
2021-12-22 17:18:05.651  INFO 9648 --- [restartedMain] edu.hust.document.DocumentApplication    : Starting DocumentApplication using Java 11.0.13 on DESKTOP-7KK4P6P with PID 9648 (D:\BTL\QLVB\target\classes started by Hoàng Hokage in D:\BTL\QLVB)
2021-12-22 17:18:05.651  INFO 9648 --- [restartedMain] edu.hust.document.DocumentApplication    : No active profile set, falling back to default profiles: default
2021-12-22 17:18:05.698  INFO 9648 --- [restartedMain] .e.DevToolsPropertyDefaultsPostProcessor : Devtools property defaults active! Set 'spring.devtools.add-properties' to 'false' to disable
2021-12-22 17:18:05.698  INFO 9648 --- [restartedMain] .e.DevToolsPropertyDefaultsPostProcessor : For additional web related logging consider setting the 'logging.level.web' property to 'DEBUG'
2021-12-22 17:18:06.525  INFO 9648 --- [restartedMain] .s.d.r.c.RepositoryConfigurationDelegate : Bootstrapping Spring Data JPA repositories in DEFAULT mode.
2021-12-22 17:18:06.604  INFO 9648 --- [restartedMain] .s.d.r.c.RepositoryConfigurationDelegate : Finished Spring Data repository scanning in 71 ms. Found 8 JPA repository interfaces.
2021-12-22 17:18:07.166  INFO 9648 --- [restartedMain] o.s.b.w.embedded.tomcat.TomcatWebServer  : Tomcat initialized with port(s): 8080 (http)
2021-12-22 17:18:07.182  INFO 9648 --- [restartedMain] o.apache.catalina.core.StandardService   : Starting service [Tomcat]
2021-12-22 17:18:07.182  INFO 9648 --- [restartedMain] org.apache.catalina.core.StandardEngine  : Starting Servlet engine: [Apache Tomcat/9.0.55]
2021-12-22 17:18:07.260  INFO 9648 --- [restartedMain] o.a.c.c.C.[Tomcat].[localhost].[/]       : Initializing Spring embedded WebApplicationContext
2021-12-22 17:18:07.260  INFO 9648 --- [restartedMain] w.s.c.ServletWebServerApplicationContext : Root WebApplicationContext: initialization completed in 1547 ms
2021-12-22 17:18:07.431  INFO 9648 --- [restartedMain] o.hibernate.jpa.internal.util.LogHelper  : HHH000204: Processing PersistenceUnitInfo [name: default]
2021-12-22 17:18:07.510  INFO 9648 --- [restartedMain] org.hibernate.Version                    : HHH000412: Hibernate ORM core version 5.6.1.Final
2021-12-22 17:18:07.713  INFO 9648 --- [restartedMain] o.hibernate.annotations.common.Version   : HCANN000001: Hibernate Commons Annotations {5.1.2.Final}
2021-12-22 17:18:07.838  INFO 9648 --- [restartedMain] com.zaxxer.hikari.HikariDataSource       : HikariPool-1 - Starting...
2021-12-22 17:18:07.947  INFO 9648 --- [restartedMain] com.zaxxer.hikari.HikariDataSource       : HikariPool-1 - Start completed.
2021-12-22 17:18:07.978  INFO 9648 --- [restartedMain] org.hibernate.dialect.Dialect            : HHH000400: Using dialect: org.hibernate.dialect.MariaDB103Dialect
2021-12-22 17:18:08.822  INFO 9648 --- [restartedMain] o.h.e.t.j.p.i.JtaPlatformInitiator       : HHH000490: Using JtaPlatform implementation: [org.hibernate.engine.transaction.jta.platform.internal.NoJtaPlatform]
2021-12-22 17:18:08.822  INFO 9648 --- [restartedMain] j.LocalContainerEntityManagerFactoryBean : Initialized JPA EntityManagerFactory for persistence unit 'default'
2021-12-22 17:18:08.869  WARN 9648 --- [restartedMain] JpaBaseConfiguration$JpaWebConfiguration : spring.jpa.open-in-view is enabled by default. Therefore, database queries may be performed during view rendering. Explicitly configure spring.jpa.open-in-view to disable this warning
2021-12-22 17:18:09.665  INFO 9648 --- [restartedMain] o.s.s.web.DefaultSecurityFilterChain     : Will secure any request with [org.springframework.security.web.context.request.async.WebAsyncManagerIntegrationFilter@1da30ec2, org.springframework.security.web.context.SecurityContextPersistenceFilter@704dd2de, org.springframework.security.web.header.HeaderWriterFilter@291688aa, org.springframework.security.web.authentication.logout.LogoutFilter@251dd4ad, org.springframework.security.web.authentication.UsernamePasswordAuthenticationFilter@59c06366, org.springframework.security.web.savedrequest.RequestCacheAwareFilter@496e714e, org.springframework.security.web.servletapi.SecurityContextHolderAwareRequestFilter@5e886929, org.springframework.security.web.authentication.AnonymousAuthenticationFilter@1f43161, org.springframework.security.web.session.SessionManagementFilter@49729840, org.springframework.security.web.access.ExceptionTranslationFilter@3f004fb5, org.springframework.security.web.access.intercept.FilterSecurityInterceptor@a4eba38]
2021-12-22 17:18:10.228  INFO 9648 --- [restartedMain] o.s.b.d.a.OptionalLiveReloadServer       : LiveReload server is running on port 35729
2021-12-22 17:18:10.275  INFO 9648 --- [restartedMain] o.s.b.w.embedded.tomcat.TomcatWebServer  : Tomcat started on port(s): 8080 (http) with context path ''
2021-12-22 17:18:10.290  INFO 9648 --- [restartedMain] edu.hust.document.DocumentApplication    : Started DocumentApplication in 5.052 seconds (JVM running for 6.348)
2021-12-22 17:18:17.995  INFO 9648 --- [http-nio-8080-exec-1] o.a.c.c.C.[Tomcat].[localhost].[/]       : Initializing Spring DispatcherServlet 'dispatcherServlet'
2021-12-22 17:18:17.995  INFO 9648 --- [http-nio-8080-exec-1] o.s.web.servlet.DispatcherServlet        : Initializing Servlet 'dispatcherServlet'
2021-12-22 17:18:17.997  INFO 9648 --- [http-nio-8080-exec-1] o.s.web.servlet.DispatcherServlet        : Completed initialization in 1 ms
2021-12-22 17:19:47.352  INFO 9648 --- [SpringApplicationShutdownHook] j.LocalContainerEntityManagerFactoryBean : Closing JPA EntityManagerFactory for persistence unit 'default'
2021-12-22 17:19:47.399  INFO 9648 --- [SpringApplicationShutdownHook] com.zaxxer.hikari.HikariDataSource       : HikariPool-1 - Shutdown initiated...
2021-12-22 17:19:47.414  INFO 9648 --- [SpringApplicationShutdownHook] com.zaxxer.hikari.HikariDataSource       : HikariPool-1 - Shutdown completed.
2021-12-22 17:19:53.963  INFO 15432 --- [restartedMain] edu.hust.document.DocumentApplication    : Starting DocumentApplication using Java 11.0.13 on DESKTOP-7KK4P6P with PID 15432 (D:\BTL\QLVB\target\classes started by Hoàng Hokage in D:\BTL\QLVB)
2021-12-22 17:19:53.963  INFO 15432 --- [restartedMain] edu.hust.document.DocumentApplication    : No active profile set, falling back to default profiles: default
2021-12-22 17:19:54.009  INFO 15432 --- [restartedMain] .e.DevToolsPropertyDefaultsPostProcessor : Devtools property defaults active! Set 'spring.devtools.add-properties' to 'false' to disable
2021-12-22 17:19:54.009  INFO 15432 --- [restartedMain] .e.DevToolsPropertyDefaultsPostProcessor : For additional web related logging consider setting the 'logging.level.web' property to 'DEBUG'
2021-12-22 17:19:54.916  INFO 15432 --- [restartedMain] .s.d.r.c.RepositoryConfigurationDelegate : Bootstrapping Spring Data JPA repositories in DEFAULT mode.
2021-12-22 17:19:55.009  INFO 15432 --- [restartedMain] .s.d.r.c.RepositoryConfigurationDelegate : Finished Spring Data repository scanning in 74 ms. Found 8 JPA repository interfaces.
2021-12-22 17:19:55.618  INFO 15432 --- [restartedMain] o.s.b.w.embedded.tomcat.TomcatWebServer  : Tomcat initialized with port(s): 8080 (http)
2021-12-22 17:19:55.634  INFO 15432 --- [restartedMain] o.apache.catalina.core.StandardService   : Starting service [Tomcat]
2021-12-22 17:19:55.634  INFO 15432 --- [restartedMain] org.apache.catalina.core.StandardEngine  : Starting Servlet engine: [Apache Tomcat/9.0.55]
2021-12-22 17:19:55.728  INFO 15432 --- [restartedMain] o.a.c.c.C.[Tomcat].[localhost].[/]       : Initializing Spring embedded WebApplicationContext
2021-12-22 17:19:55.728  INFO 15432 --- [restartedMain] w.s.c.ServletWebServerApplicationContext : Root WebApplicationContext: initialization completed in 1703 ms
2021-12-22 17:19:55.915  INFO 15432 --- [restartedMain] o.hibernate.jpa.internal.util.LogHelper  : HHH000204: Processing PersistenceUnitInfo [name: default]
2021-12-22 17:19:55.993  INFO 15432 --- [restartedMain] org.hibernate.Version                    : HHH000412: Hibernate ORM core version 5.6.1.Final
2021-12-22 17:19:56.196  INFO 15432 --- [restartedMain] o.hibernate.annotations.common.Version   : HCANN000001: Hibernate Commons Annotations {5.1.2.Final}
2021-12-22 17:19:56.321  INFO 15432 --- [restartedMain] com.zaxxer.hikari.HikariDataSource       : HikariPool-1 - Starting...
2021-12-22 17:19:56.384  INFO 15432 --- [restartedMain] com.zaxxer.hikari.HikariDataSource       : HikariPool-1 - Start completed.
2021-12-22 17:19:56.400  INFO 15432 --- [restartedMain] org.hibernate.dialect.Dialect            : HHH000400: Using dialect: org.hibernate.dialect.MariaDB103Dialect
2021-12-22 17:19:57.196  INFO 15432 --- [restartedMain] o.h.e.t.j.p.i.JtaPlatformInitiator       : HHH000490: Using JtaPlatform implementation: [org.hibernate.engine.transaction.jta.platform.internal.NoJtaPlatform]
2021-12-22 17:19:57.212  INFO 15432 --- [restartedMain] j.LocalContainerEntityManagerFactoryBean : Initialized JPA EntityManagerFactory for persistence unit 'default'
2021-12-22 17:19:57.259  WARN 15432 --- [restartedMain] JpaBaseConfiguration$JpaWebConfiguration : spring.jpa.open-in-view is enabled by default. Therefore, database queries may be performed during view rendering. Explicitly configure spring.jpa.open-in-view to disable this warning
2021-12-22 17:19:57.977  INFO 15432 --- [restartedMain] o.s.s.web.DefaultSecurityFilterChain     : Will secure any request with [org.springframework.security.web.context.request.async.WebAsyncManagerIntegrationFilter@a7029e7, org.springframework.security.web.context.SecurityContextPersistenceFilter@71090fcb, org.springframework.security.web.header.HeaderWriterFilter@722e4589, org.springframework.security.web.authentication.logout.LogoutFilter@47f12df9, org.springframework.security.web.authentication.UsernamePasswordAuthenticationFilter@b80cc42, org.springframework.security.web.savedrequest.RequestCacheAwareFilter@217bf77a, org.springframework.security.web.servletapi.SecurityContextHolderAwareRequestFilter@3bcc33c8, org.springframework.security.web.authentication.AnonymousAuthenticationFilter@72277674, org.springframework.security.web.session.SessionManagementFilter@19d38931, org.springframework.security.web.access.ExceptionTranslationFilter@67b90dc7, org.springframework.security.web.access.intercept.FilterSecurityInterceptor@7c4b0a5d]
2021-12-22 17:19:58.508  INFO 15432 --- [restartedMain] o.s.b.d.a.OptionalLiveReloadServer       : LiveReload server is running on port 35729
2021-12-22 17:19:58.555  INFO 15432 --- [restartedMain] o.s.b.w.embedded.tomcat.TomcatWebServer  : Tomcat started on port(s): 8080 (http) with context path ''
2021-12-22 17:19:58.571  INFO 15432 --- [restartedMain] edu.hust.document.DocumentApplication    : Started DocumentApplication in 5.049 seconds (JVM running for 6.209)
2021-12-22 17:20:07.415  INFO 15432 --- [http-nio-8080-exec-2] o.a.c.c.C.[Tomcat].[localhost].[/]       : Initializing Spring DispatcherServlet 'dispatcherServlet'
2021-12-22 17:20:07.417  INFO 15432 --- [http-nio-8080-exec-2] o.s.web.servlet.DispatcherServlet        : Initializing Servlet 'dispatcherServlet'
2021-12-22 17:20:07.418  INFO 15432 --- [http-nio-8080-exec-2] o.s.web.servlet.DispatcherServlet        : Completed initialization in 1 ms
2021-12-22 17:20:45.082  INFO 15432 --- [SpringApplicationShutdownHook] j.LocalContainerEntityManagerFactoryBean : Closing JPA EntityManagerFactory for persistence unit 'default'
2021-12-22 17:20:45.098  INFO 15432 --- [SpringApplicationShutdownHook] com.zaxxer.hikari.HikariDataSource       : HikariPool-1 - Shutdown initiated...
2021-12-22 17:20:45.098  INFO 15432 --- [SpringApplicationShutdownHook] com.zaxxer.hikari.HikariDataSource       : HikariPool-1 - Shutdown completed.
2021-12-22 17:20:51.612  INFO 18676 --- [restartedMain] edu.hust.document.DocumentApplication    : Starting DocumentApplication using Java 11.0.13 on DESKTOP-7KK4P6P with PID 18676 (D:\BTL\QLVB\target\classes started by Hoàng Hokage in D:\BTL\QLVB)
2021-12-22 17:20:51.612  INFO 18676 --- [restartedMain] edu.hust.document.DocumentApplication    : No active profile set, falling back to default profiles: default
2021-12-22 17:20:51.659  INFO 18676 --- [restartedMain] .e.DevToolsPropertyDefaultsPostProcessor : Devtools property defaults active! Set 'spring.devtools.add-properties' to 'false' to disable
2021-12-22 17:20:51.659  INFO 18676 --- [restartedMain] .e.DevToolsPropertyDefaultsPostProcessor : For additional web related logging consider setting the 'logging.level.web' property to 'DEBUG'
2021-12-22 17:20:52.268  INFO 18676 --- [restartedMain] .s.d.r.c.RepositoryConfigurationDelegate : Bootstrapping Spring Data JPA repositories in DEFAULT mode.
2021-12-22 17:20:52.315  INFO 18676 --- [restartedMain] .s.d.r.c.RepositoryConfigurationDelegate : Finished Spring Data repository scanning in 51 ms. Found 8 JPA repository interfaces.
2021-12-22 17:20:52.830  INFO 18676 --- [restartedMain] o.s.b.w.embedded.tomcat.TomcatWebServer  : Tomcat initialized with port(s): 8080 (http)
2021-12-22 17:20:52.830  INFO 18676 --- [restartedMain] o.apache.catalina.core.StandardService   : Starting service [Tomcat]
2021-12-22 17:20:52.830  INFO 18676 --- [restartedMain] org.apache.catalina.core.StandardEngine  : Starting Servlet engine: [Apache Tomcat/9.0.55]
2021-12-22 17:20:52.909  INFO 18676 --- [restartedMain] o.a.c.c.C.[Tomcat].[localhost].[/]       : Initializing Spring embedded WebApplicationContext
2021-12-22 17:20:52.909  INFO 18676 --- [restartedMain] w.s.c.ServletWebServerApplicationContext : Root WebApplicationContext: initialization completed in 1250 ms
2021-12-22 17:20:53.080  INFO 18676 --- [restartedMain] o.hibernate.jpa.internal.util.LogHelper  : HHH000204: Processing PersistenceUnitInfo [name: default]
2021-12-22 17:20:53.174  INFO 18676 --- [restartedMain] org.hibernate.Version                    : HHH000412: Hibernate ORM core version 5.6.1.Final
2021-12-22 17:20:53.408  INFO 18676 --- [restartedMain] o.hibernate.annotations.common.Version   : HCANN000001: Hibernate Commons Annotations {5.1.2.Final}
2021-12-22 17:20:53.627  INFO 18676 --- [restartedMain] com.zaxxer.hikari.HikariDataSource       : HikariPool-1 - Starting...
2021-12-22 17:20:53.721  INFO 18676 --- [restartedMain] com.zaxxer.hikari.HikariDataSource       : HikariPool-1 - Start completed.
2021-12-22 17:20:53.768  INFO 18676 --- [restartedMain] org.hibernate.dialect.Dialect            : HHH000400: Using dialect: org.hibernate.dialect.MariaDB103Dialect
2021-12-22 17:20:54.830  INFO 18676 --- [restartedMain] o.h.e.t.j.p.i.JtaPlatformInitiator       : HHH000490: Using JtaPlatform implementation: [org.hibernate.engine.transaction.jta.platform.internal.NoJtaPlatform]
2021-12-22 17:20:54.830  INFO 18676 --- [restartedMain] j.LocalContainerEntityManagerFactoryBean : Initialized JPA EntityManagerFactory for persistence unit 'default'
2021-12-22 17:20:54.877  WARN 18676 --- [restartedMain] JpaBaseConfiguration$JpaWebConfiguration : spring.jpa.open-in-view is enabled by default. Therefore, database queries may be performed during view rendering. Explicitly configure spring.jpa.open-in-view to disable this warning
2021-12-22 17:20:55.783  INFO 18676 --- [restartedMain] o.s.s.web.DefaultSecurityFilterChain     : Will secure any request with [org.springframework.security.web.context.request.async.WebAsyncManagerIntegrationFilter@3ac6344c, org.springframework.security.web.context.SecurityContextPersistenceFilter@7d35ca34, org.springframework.security.web.header.HeaderWriterFilter@29d0fbb4, org.springframework.security.web.authentication.logout.LogoutFilter@3782db7d, org.springframework.security.web.authentication.UsernamePasswordAuthenticationFilter@2306dbd8, org.springframework.security.web.savedrequest.RequestCacheAwareFilter@6ec0a03a, org.springframework.security.web.servletapi.SecurityContextHolderAwareRequestFilter@38878668, org.springframework.security.web.authentication.AnonymousAuthenticationFilter@4bedf12, org.springframework.security.web.session.SessionManagementFilter@432456dd, org.springframework.security.web.access.ExceptionTranslationFilter@57ec7f27, org.springframework.security.web.access.intercept.FilterSecurityInterceptor@3f3c3512]
2021-12-22 17:20:56.361  INFO 18676 --- [restartedMain] o.s.b.d.a.OptionalLiveReloadServer       : LiveReload server is running on port 35729
2021-12-22 17:20:56.392  INFO 18676 --- [restartedMain] o.s.b.w.embedded.tomcat.TomcatWebServer  : Tomcat started on port(s): 8080 (http) with context path ''
2021-12-22 17:20:56.408  INFO 18676 --- [restartedMain] edu.hust.document.DocumentApplication    : Started DocumentApplication in 5.193 seconds (JVM running for 6.826)
2021-12-22 17:20:59.628  INFO 18676 --- [http-nio-8080-exec-2] o.a.c.c.C.[Tomcat].[localhost].[/]       : Initializing Spring DispatcherServlet 'dispatcherServlet'
2021-12-22 17:20:59.630  INFO 18676 --- [http-nio-8080-exec-2] o.s.web.servlet.DispatcherServlet        : Initializing Servlet 'dispatcherServlet'
2021-12-22 17:20:59.631  INFO 18676 --- [http-nio-8080-exec-2] o.s.web.servlet.DispatcherServlet        : Completed initialization in 1 ms
2021-12-22 17:22:57.695  INFO 18676 --- [SpringApplicationShutdownHook] j.LocalContainerEntityManagerFactoryBean : Closing JPA EntityManagerFactory for persistence unit 'default'
2021-12-22 17:22:57.695  INFO 18676 --- [SpringApplicationShutdownHook] com.zaxxer.hikari.HikariDataSource       : HikariPool-1 - Shutdown initiated...
2021-12-22 17:22:57.695  INFO 18676 --- [SpringApplicationShutdownHook] com.zaxxer.hikari.HikariDataSource       : HikariPool-1 - Shutdown completed.
2021-12-22 17:30:26.431  INFO 5916 --- [restartedMain] edu.hust.document.DocumentApplication    : Starting DocumentApplication using Java 11.0.13 on DESKTOP-7KK4P6P with PID 5916 (D:\BTL\QLVB\target\classes started by Hoàng Hokage in D:\BTL\QLVB)
2021-12-22 17:30:26.431  INFO 5916 --- [restartedMain] edu.hust.document.DocumentApplication    : No active profile set, falling back to default profiles: default
2021-12-22 17:30:26.493  INFO 5916 --- [restartedMain] .e.DevToolsPropertyDefaultsPostProcessor : Devtools property defaults active! Set 'spring.devtools.add-properties' to 'false' to disable
2021-12-22 17:30:26.493  INFO 5916 --- [restartedMain] .e.DevToolsPropertyDefaultsPostProcessor : For additional web related logging consider setting the 'logging.level.web' property to 'DEBUG'
2021-12-22 17:30:27.415  INFO 5916 --- [restartedMain] .s.d.r.c.RepositoryConfigurationDelegate : Bootstrapping Spring Data JPA repositories in DEFAULT mode.
2021-12-22 17:30:27.493  INFO 5916 --- [restartedMain] .s.d.r.c.RepositoryConfigurationDelegate : Finished Spring Data repository scanning in 68 ms. Found 8 JPA repository interfaces.
2021-12-22 17:30:28.118  INFO 5916 --- [restartedMain] o.s.b.w.embedded.tomcat.TomcatWebServer  : Tomcat initialized with port(s): 8080 (http)
2021-12-22 17:30:28.118  INFO 5916 --- [restartedMain] o.apache.catalina.core.StandardService   : Starting service [Tomcat]
2021-12-22 17:30:28.118  INFO 5916 --- [restartedMain] org.apache.catalina.core.StandardEngine  : Starting Servlet engine: [Apache Tomcat/9.0.55]
2021-12-22 17:30:28.211  INFO 5916 --- [restartedMain] o.a.c.c.C.[Tomcat].[localhost].[/]       : Initializing Spring embedded WebApplicationContext
2021-12-22 17:30:28.211  INFO 5916 --- [restartedMain] w.s.c.ServletWebServerApplicationContext : Root WebApplicationContext: initialization completed in 1718 ms
2021-12-22 17:30:28.415  INFO 5916 --- [restartedMain] o.hibernate.jpa.internal.util.LogHelper  : HHH000204: Processing PersistenceUnitInfo [name: default]
2021-12-22 17:30:28.493  INFO 5916 --- [restartedMain] org.hibernate.Version                    : HHH000412: Hibernate ORM core version 5.6.1.Final
2021-12-22 17:30:28.696  INFO 5916 --- [restartedMain] o.hibernate.annotations.common.Version   : HCANN000001: Hibernate Commons Annotations {5.1.2.Final}
2021-12-22 17:30:28.836  INFO 5916 --- [restartedMain] com.zaxxer.hikari.HikariDataSource       : HikariPool-1 - Starting...
2021-12-22 17:30:28.899  INFO 5916 --- [restartedMain] com.zaxxer.hikari.HikariDataSource       : HikariPool-1 - Start completed.
2021-12-22 17:30:28.914  INFO 5916 --- [restartedMain] org.hibernate.dialect.Dialect            : HHH000400: Using dialect: org.hibernate.dialect.MariaDB103Dialect
2021-12-22 17:30:29.711  INFO 5916 --- [restartedMain] o.h.e.t.j.p.i.JtaPlatformInitiator       : HHH000490: Using JtaPlatform implementation: [org.hibernate.engine.transaction.jta.platform.internal.NoJtaPlatform]
2021-12-22 17:30:29.711  INFO 5916 --- [restartedMain] j.LocalContainerEntityManagerFactoryBean : Initialized JPA EntityManagerFactory for persistence unit 'default'
2021-12-22 17:30:29.758  WARN 5916 --- [restartedMain] JpaBaseConfiguration$JpaWebConfiguration : spring.jpa.open-in-view is enabled by default. Therefore, database queries may be performed during view rendering. Explicitly configure spring.jpa.open-in-view to disable this warning
2021-12-22 17:30:30.430  INFO 5916 --- [restartedMain] o.s.s.web.DefaultSecurityFilterChain     : Will secure any request with [org.springframework.security.web.context.request.async.WebAsyncManagerIntegrationFilter@92a616f, org.springframework.security.web.context.SecurityContextPersistenceFilter@5b406d8c, org.springframework.security.web.header.HeaderWriterFilter@1e1329e0, org.springframework.security.web.authentication.logout.LogoutFilter@e9d44b9, org.springframework.security.web.authentication.UsernamePasswordAuthenticationFilter@34df9e2b, org.springframework.security.web.savedrequest.RequestCacheAwareFilter@37f4b268, org.springframework.security.web.servletapi.SecurityContextHolderAwareRequestFilter@507e3b0f, org.springframework.security.web.authentication.AnonymousAuthenticationFilter@4bb5f697, org.springframework.security.web.session.SessionManagementFilter@3195c89d, org.springframework.security.web.access.ExceptionTranslationFilter@37091683, org.springframework.security.web.access.intercept.FilterSecurityInterceptor@2682ba53]
2021-12-22 17:30:31.008  INFO 5916 --- [restartedMain] o.s.b.d.a.OptionalLiveReloadServer       : LiveReload server is running on port 35729
2021-12-22 17:30:31.039  INFO 5916 --- [restartedMain] o.s.b.w.embedded.tomcat.TomcatWebServer  : Tomcat started on port(s): 8080 (http) with context path ''
2021-12-22 17:30:31.039  INFO 5916 --- [restartedMain] edu.hust.document.DocumentApplication    : Started DocumentApplication in 5.206 seconds (JVM running for 6.657)
2021-12-22 17:30:34.730  INFO 5916 --- [http-nio-8080-exec-1] o.a.c.c.C.[Tomcat].[localhost].[/]       : Initializing Spring DispatcherServlet 'dispatcherServlet'
2021-12-22 17:30:34.732  INFO 5916 --- [http-nio-8080-exec-1] o.s.web.servlet.DispatcherServlet        : Initializing Servlet 'dispatcherServlet'
2021-12-22 17:30:34.733  INFO 5916 --- [http-nio-8080-exec-1] o.s.web.servlet.DispatcherServlet        : Completed initialization in 1 ms
2021-12-22 17:33:03.913  INFO 5916 --- [SpringApplicationShutdownHook] j.LocalContainerEntityManagerFactoryBean : Closing JPA EntityManagerFactory for persistence unit 'default'
2021-12-22 17:33:03.944  INFO 5916 --- [SpringApplicationShutdownHook] com.zaxxer.hikari.HikariDataSource       : HikariPool-1 - Shutdown initiated...
2021-12-22 17:33:03.975  INFO 5916 --- [SpringApplicationShutdownHook] com.zaxxer.hikari.HikariDataSource       : HikariPool-1 - Shutdown completed.
2021-12-22 17:43:22.906  INFO 8736 --- [restartedMain] edu.hust.document.DocumentApplication    : Starting DocumentApplication using Java 11.0.13 on DESKTOP-7KK4P6P with PID 8736 (D:\BTL\QLVB\target\classes started by Hoàng Hokage in D:\BTL\QLVB)
2021-12-22 17:43:22.906  INFO 8736 --- [restartedMain] edu.hust.document.DocumentApplication    : No active profile set, falling back to default profiles: default
2021-12-22 17:43:22.968  INFO 8736 --- [restartedMain] .e.DevToolsPropertyDefaultsPostProcessor : Devtools property defaults active! Set 'spring.devtools.add-properties' to 'false' to disable
2021-12-22 17:43:22.968  INFO 8736 --- [restartedMain] .e.DevToolsPropertyDefaultsPostProcessor : For additional web related logging consider setting the 'logging.level.web' property to 'DEBUG'
2021-12-22 17:43:23.765  INFO 8736 --- [restartedMain] .s.d.r.c.RepositoryConfigurationDelegate : Bootstrapping Spring Data JPA repositories in DEFAULT mode.
2021-12-22 17:43:23.828  INFO 8736 --- [restartedMain] .s.d.r.c.RepositoryConfigurationDelegate : Finished Spring Data repository scanning in 59 ms. Found 8 JPA repository interfaces.
2021-12-22 17:43:24.484  INFO 8736 --- [restartedMain] o.s.b.w.embedded.tomcat.TomcatWebServer  : Tomcat initialized with port(s): 8080 (http)
2021-12-22 17:43:24.499  INFO 8736 --- [restartedMain] o.apache.catalina.core.StandardService   : Starting service [Tomcat]
2021-12-22 17:43:24.499  INFO 8736 --- [restartedMain] org.apache.catalina.core.StandardEngine  : Starting Servlet engine: [Apache Tomcat/9.0.55]
2021-12-22 17:43:24.577  INFO 8736 --- [restartedMain] o.a.c.c.C.[Tomcat].[localhost].[/]       : Initializing Spring embedded WebApplicationContext
2021-12-22 17:43:24.577  INFO 8736 --- [restartedMain] w.s.c.ServletWebServerApplicationContext : Root WebApplicationContext: initialization completed in 1609 ms
2021-12-22 17:43:24.749  INFO 8736 --- [restartedMain] o.hibernate.jpa.internal.util.LogHelper  : HHH000204: Processing PersistenceUnitInfo [name: default]
2021-12-22 17:43:24.812  INFO 8736 --- [restartedMain] org.hibernate.Version                    : HHH000412: Hibernate ORM core version 5.6.1.Final
2021-12-22 17:43:24.999  INFO 8736 --- [restartedMain] o.hibernate.annotations.common.Version   : HCANN000001: Hibernate Commons Annotations {5.1.2.Final}
2021-12-22 17:43:25.124  INFO 8736 --- [restartedMain] com.zaxxer.hikari.HikariDataSource       : HikariPool-1 - Starting...
2021-12-22 17:43:25.202  INFO 8736 --- [restartedMain] com.zaxxer.hikari.HikariDataSource       : HikariPool-1 - Start completed.
2021-12-22 17:43:25.218  INFO 8736 --- [restartedMain] org.hibernate.dialect.Dialect            : HHH000400: Using dialect: org.hibernate.dialect.MariaDB103Dialect
2021-12-22 17:43:25.968  INFO 8736 --- [restartedMain] o.h.e.t.j.p.i.JtaPlatformInitiator       : HHH000490: Using JtaPlatform implementation: [org.hibernate.engine.transaction.jta.platform.internal.NoJtaPlatform]
2021-12-22 17:43:25.968  INFO 8736 --- [restartedMain] j.LocalContainerEntityManagerFactoryBean : Initialized JPA EntityManagerFactory for persistence unit 'default'
2021-12-22 17:43:26.015  WARN 8736 --- [restartedMain] JpaBaseConfiguration$JpaWebConfiguration : spring.jpa.open-in-view is enabled by default. Therefore, database queries may be performed during view rendering. Explicitly configure spring.jpa.open-in-view to disable this warning
2021-12-22 17:43:26.964  INFO 8736 --- [restartedMain] o.s.s.web.DefaultSecurityFilterChain     : Will secure any request with [org.springframework.security.web.context.request.async.WebAsyncManagerIntegrationFilter@21f5b873, org.springframework.security.web.context.SecurityContextPersistenceFilter@39e99fd, org.springframework.security.web.header.HeaderWriterFilter@66bef521, org.springframework.security.web.authentication.logout.LogoutFilter@b981859, org.springframework.security.web.authentication.UsernamePasswordAuthenticationFilter@a8625f6, org.springframework.security.web.savedrequest.RequestCacheAwareFilter@7fbf9395, org.springframework.security.web.servletapi.SecurityContextHolderAwareRequestFilter@5eb12b64, org.springframework.security.web.authentication.AnonymousAuthenticationFilter@5eaea3f9, org.springframework.security.web.session.SessionManagementFilter@61e4e93f, org.springframework.security.web.access.ExceptionTranslationFilter@12103dbc, org.springframework.security.web.access.intercept.FilterSecurityInterceptor@65f0cde3]
2021-12-22 17:43:27.740  INFO 8736 --- [restartedMain] o.s.b.d.a.OptionalLiveReloadServer       : LiveReload server is running on port 35729
2021-12-22 17:43:27.802  INFO 8736 --- [restartedMain] o.s.b.w.embedded.tomcat.TomcatWebServer  : Tomcat started on port(s): 8080 (http) with context path ''
2021-12-22 17:43:27.806  INFO 8736 --- [restartedMain] edu.hust.document.DocumentApplication    : Started DocumentApplication in 5.344 seconds (JVM running for 6.566)
2021-12-22 17:43:31.398  INFO 8736 --- [http-nio-8080-exec-2] o.a.c.c.C.[Tomcat].[localhost].[/]       : Initializing Spring DispatcherServlet 'dispatcherServlet'
2021-12-22 17:43:31.400  INFO 8736 --- [http-nio-8080-exec-2] o.s.web.servlet.DispatcherServlet        : Initializing Servlet 'dispatcherServlet'
2021-12-22 17:43:31.400  INFO 8736 --- [http-nio-8080-exec-2] o.s.web.servlet.DispatcherServlet        : Completed initialization in 0 ms
2021-12-22 17:50:43.063  INFO 8736 --- [SpringApplicationShutdownHook] j.LocalContainerEntityManagerFactoryBean : Closing JPA EntityManagerFactory for persistence unit 'default'
2021-12-22 17:50:43.095  INFO 8736 --- [SpringApplicationShutdownHook] com.zaxxer.hikari.HikariDataSource       : HikariPool-1 - Shutdown initiated...
2021-12-22 17:50:43.126  INFO 8736 --- [SpringApplicationShutdownHook] com.zaxxer.hikari.HikariDataSource       : HikariPool-1 - Shutdown completed.
2021-12-22 17:50:52.928  INFO 19972 --- [restartedMain] edu.hust.document.DocumentApplication    : Starting DocumentApplication using Java 11.0.13 on DESKTOP-7KK4P6P with PID 19972 (D:\BTL\QLVB\target\classes started by Hoàng Hokage in D:\BTL\QLVB)
2021-12-22 17:50:52.928  INFO 19972 --- [restartedMain] edu.hust.document.DocumentApplication    : No active profile set, falling back to default profiles: default
2021-12-22 17:50:52.990  INFO 19972 --- [restartedMain] .e.DevToolsPropertyDefaultsPostProcessor : Devtools property defaults active! Set 'spring.devtools.add-properties' to 'false' to disable
2021-12-22 17:50:52.990  INFO 19972 --- [restartedMain] .e.DevToolsPropertyDefaultsPostProcessor : For additional web related logging consider setting the 'logging.level.web' property to 'DEBUG'
2021-12-22 17:50:53.975  INFO 19972 --- [restartedMain] .s.d.r.c.RepositoryConfigurationDelegate : Bootstrapping Spring Data JPA repositories in DEFAULT mode.
2021-12-22 17:50:54.037  INFO 19972 --- [restartedMain] .s.d.r.c.RepositoryConfigurationDelegate : Finished Spring Data repository scanning in 65 ms. Found 8 JPA repository interfaces.
2021-12-22 17:50:54.662  INFO 19972 --- [restartedMain] o.s.b.w.embedded.tomcat.TomcatWebServer  : Tomcat initialized with port(s): 8080 (http)
2021-12-22 17:50:54.678  INFO 19972 --- [restartedMain] o.apache.catalina.core.StandardService   : Starting service [Tomcat]
2021-12-22 17:50:54.678  INFO 19972 --- [restartedMain] org.apache.catalina.core.StandardEngine  : Starting Servlet engine: [Apache Tomcat/9.0.55]
2021-12-22 17:50:54.771  INFO 19972 --- [restartedMain] o.a.c.c.C.[Tomcat].[localhost].[/]       : Initializing Spring embedded WebApplicationContext
2021-12-22 17:50:54.771  INFO 19972 --- [restartedMain] w.s.c.ServletWebServerApplicationContext : Root WebApplicationContext: initialization completed in 1781 ms
2021-12-22 17:50:54.943  INFO 19972 --- [restartedMain] o.hibernate.jpa.internal.util.LogHelper  : HHH000204: Processing PersistenceUnitInfo [name: default]
2021-12-22 17:50:55.021  INFO 19972 --- [restartedMain] org.hibernate.Version                    : HHH000412: Hibernate ORM core version 5.6.1.Final
2021-12-22 17:50:55.349  INFO 19972 --- [restartedMain] o.hibernate.annotations.common.Version   : HCANN000001: Hibernate Commons Annotations {5.1.2.Final}
2021-12-22 17:50:55.521  INFO 19972 --- [restartedMain] com.zaxxer.hikari.HikariDataSource       : HikariPool-1 - Starting...
2021-12-22 17:50:55.630  INFO 19972 --- [restartedMain] com.zaxxer.hikari.HikariDataSource       : HikariPool-1 - Start completed.
2021-12-22 17:50:55.646  INFO 19972 --- [restartedMain] org.hibernate.dialect.Dialect            : HHH000400: Using dialect: org.hibernate.dialect.MariaDB103Dialect
2021-12-22 17:50:56.443  INFO 19972 --- [restartedMain] o.h.e.t.j.p.i.JtaPlatformInitiator       : HHH000490: Using JtaPlatform implementation: [org.hibernate.engine.transaction.jta.platform.internal.NoJtaPlatform]
2021-12-22 17:50:56.443  INFO 19972 --- [restartedMain] j.LocalContainerEntityManagerFactoryBean : Initialized JPA EntityManagerFactory for persistence unit 'default'
2021-12-22 17:50:56.490  WARN 19972 --- [restartedMain] JpaBaseConfiguration$JpaWebConfiguration : spring.jpa.open-in-view is enabled by default. Therefore, database queries may be performed during view rendering. Explicitly configure spring.jpa.open-in-view to disable this warning
2021-12-22 17:50:57.208  INFO 19972 --- [restartedMain] o.s.s.web.DefaultSecurityFilterChain     : Will secure any request with [org.springframework.security.web.context.request.async.WebAsyncManagerIntegrationFilter@cb159ff, org.springframework.security.web.context.SecurityContextPersistenceFilter@6ffc3107, org.springframework.security.web.header.HeaderWriterFilter@158a3a45, org.springframework.security.web.authentication.logout.LogoutFilter@4a63ffd1, org.springframework.security.web.authentication.UsernamePasswordAuthenticationFilter@32b5f2f3, org.springframework.security.web.savedrequest.RequestCacheAwareFilter@42454da5, org.springframework.security.web.servletapi.SecurityContextHolderAwareRequestFilter@17443f5d, org.springframework.security.web.authentication.AnonymousAuthenticationFilter@7118dfb5, org.springframework.security.web.session.SessionManagementFilter@11bac108, org.springframework.security.web.access.ExceptionTranslationFilter@b7e308a, org.springframework.security.web.access.intercept.FilterSecurityInterceptor@423b18e3]
2021-12-22 17:50:57.708  INFO 19972 --- [restartedMain] o.s.b.d.a.OptionalLiveReloadServer       : LiveReload server is running on port 35729
2021-12-22 17:50:57.755  INFO 19972 --- [restartedMain] o.s.b.w.embedded.tomcat.TomcatWebServer  : Tomcat started on port(s): 8080 (http) with context path ''
2021-12-22 17:50:57.771  INFO 19972 --- [restartedMain] edu.hust.document.DocumentApplication    : Started DocumentApplication in 5.417 seconds (JVM running for 6.991)
2021-12-22 17:51:04.469  INFO 19972 --- [http-nio-8080-exec-1] o.a.c.c.C.[Tomcat].[localhost].[/]       : Initializing Spring DispatcherServlet 'dispatcherServlet'
2021-12-22 17:51:04.470  INFO 19972 --- [http-nio-8080-exec-1] o.s.web.servlet.DispatcherServlet        : Initializing Servlet 'dispatcherServlet'
2021-12-22 17:51:04.473  INFO 19972 --- [http-nio-8080-exec-1] o.s.web.servlet.DispatcherServlet        : Completed initialization in 1 ms
2021-12-22 17:52:22.680  INFO 19972 --- [SpringApplicationShutdownHook] j.LocalContainerEntityManagerFactoryBean : Closing JPA EntityManagerFactory for persistence unit 'default'
2021-12-22 17:52:22.680  INFO 19972 --- [SpringApplicationShutdownHook] com.zaxxer.hikari.HikariDataSource       : HikariPool-1 - Shutdown initiated...
2021-12-22 17:52:22.680  INFO 19972 --- [SpringApplicationShutdownHook] com.zaxxer.hikari.HikariDataSource       : HikariPool-1 - Shutdown completed.
